<?xml version="1.0" encoding="UTF-8"?>
<!-- Generated by org.testng.reporters.JUnitXMLReporter -->
<testsuite ignored="0" hostname="DESKTOP-EUG6O48" failures="1" tests="9" name="Test" time="32.491" errors="0" timestamp="2025-09-13T09:59:45 IST">
  <testcase classname="testcases.substore_testcase" name="verifySubstoreCounterSubModule" time="7.811"/>
  <testcase classname="testcases.substore_testcase" name="verifySubstoreSubModules" time="0.942"/>
  <testcase classname="testcases.substore_testcase" name="verifySubstoreModule" time="0.576"/>
  <testcase classname="testcases.substore_testcase" name="verifySubstoreSubModule" time="1.433"/>
  <testcase classname="testcases.substore_testcase" name="verifyAllSubstoreModulesAreDisplayedInSublist" time="0.363"/>
  <testcase classname="testcases.substore_testcase" name="verifyNavigationBetweenSubmodules" time="1.142"/>
  <testcase classname="testcases.substore_testcase" name="takingScreenshotOfCurrentPage" time="0.245">
    <failure type="java.lang.Exception" message="java.io.FileNotFoundException: D:\practice\VM-Java-Health-App_Substore-Automation-PL2-Selenium_Excel-Solution-9TCs\Screenshots\SubStore13092025095933.png (The system cannot find the path specified)">
      <![CDATA[java.lang.Exception: java.io.FileNotFoundException: D:\practice\VM-Java-Health-App_Substore-Automation-PL2-Selenium_Excel-Solution-9TCs\Screenshots\SubStore13092025095933.png (The system cannot find the path specified)
at coreUtilities.utils.CommonEvents.takeScreenshot(CommonEvents.java:3151)
at pages.substore_page.takingScreenshotOfTheCurrentPage(substore_page.java:501)
at testcases.substore_testcase.takingScreenshotOfCurrentPage(substore_testcase.java:134)
at java.base/java.util.concurrent.ThreadPoolExecutor.runWorker(ThreadPoolExecutor.java:1144)
at java.base/java.util.concurrent.ThreadPoolExecutor$Worker.run(ThreadPoolExecutor.java:642)
at java.base/java.lang.Thread.run(Thread.java:1583)
Caused by: java.io.FileNotFoundException: D:\practice\VM-Java-Health-App_Substore-Automation-PL2-Selenium_Excel-Solution-9TCs\Screenshots\SubStore13092025095933.png (The system cannot find the path specified)
at java.base/java.io.FileOutputStream.open0(Native Method)
at java.base/java.io.FileOutputStream.open(FileOutputStream.java:289)
at java.base/java.io.FileOutputStream.<init>(FileOutputStream.java:230)
at java.base/java.io.FileOutputStream.<init>(FileOutputStream.java:179)
at org.openqa.selenium.io.FileHandler.copyFile(FileHandler.java:131)
at org.openqa.selenium.io.FileHandler.copy(FileHandler.java:110)
at coreUtilities.utils.CommonEvents.takeScreenshot(CommonEvents.java:3147)
... 15 more
... Removed 10 stack frames]]>
    </failure>
  </testcase> <!-- takingScreenshotOfCurrentPage -->
  <testcase classname="testcases.substore_testcase" name="verifyInventoryRequisitionSection" time="7.538"/>
  <testcase classname="testcases.substore_testcase" name="verifyCreateRequisitionButton" time="3.703"/>
</testsuite> <!-- Test -->
